<?xml version="1.0" encoding="UTF-8"?>
<!-- Generated by org.testng.reporters.JUnitReportReporter -->
<testsuite hostname="NIS-PK371" name="com.selenium.shopinglist.SL0007" tests="1" failures="0" timestamp="5 Jun 2022 13:36:31 GMT" time="12.337" errors="0">
  <testcase name="check_shopping_list_item_isSelected" time="12.337" classname="com.selenium.shopinglist.SL0007"/>
</testsuite> <!-- com.selenium.shopinglist.SL0007 -->
