<?xml version="1.0" encoding="UTF-8"?>
<!-- Generated by org.testng.reporters.JUnitReportReporter -->
<testsuite hostname="NIS-PK371" name="com.selenium.shopinglist.SL0010" tests="1" failures="0" timestamp="5 Jun 2022 13:36:30 GMT" time="9.290" errors="0">
  <testcase name="delete_unchecked_item_in_list" time="9.290" classname="com.selenium.shopinglist.SL0010"/>
</testsuite> <!-- com.selenium.shopinglist.SL0010 -->
