<?xml version="1.0" encoding="UTF-8"?>
<!-- Generated by org.testng.reporters.JUnitReportReporter -->
<testsuite hostname="NIS-PK371" name="com.selenium.shopinglist.SL0006" tests="1" failures="0" timestamp="5 Jun 2022 13:36:30 GMT" time="6.301" errors="0">
  <testcase name="create_shopping_list" time="6.301" classname="com.selenium.shopinglist.SL0006"/>
</testsuite> <!-- com.selenium.shopinglist.SL0006 -->
